library/build/intermediates/manifest_merge_blame_file/debug/manifest-merger-blame-debug-report.txt
1<?xml version="1.0" encoding="utf-8"?>
2<manifest xmlns:android="http://schemas.android.com/apk/res/android"
3    package="com.onelo.android" >
4
5    <uses-sdk android:minSdkVersion="24" />
6
7    <uses-permission android:name="android.permission.INTERNET" />
7-->src/main/AndroidManifest.xml:4:5-67
7-->src/main/AndroidManifest.xml:4:22-64
8
9    <application>
9-->src/main/AndroidManifest.xml:6:5-12:19
10        <activity
10-->src/main/AndroidManifest.xml:7:9-11:66
11            android:name="com.onelo.android.OneloAuthActivity"
11-->src/main/AndroidManifest.xml:8:13-63
12            android:exported="false"
12-->src/main/AndroidManifest.xml:9:13-37
13            android:theme="@style/Theme.AppCompat.NoActionBar"
13-->src/main/AndroidManifest.xml:11:13-63
14            android:windowSoftInputMode="adjustResize" />
14-->src/main/AndroidManifest.xml:10:13-55
15    </application>
16
17</manifest>